c:\users\hinen\desktop\cours\rt\rt\x64\debug\vc145.pdb
c:\users\hinen\desktop\cours\rt\rt\x64\debug\vc145.idb
c:\users\hinen\desktop\cours\rt\rt\x64\debug\sphere.obj
c:\users\hinen\desktop\cours\rt\rt\x64\debug\rtweekend.obj
c:\users\hinen\desktop\cours\rt\rt\x64\debug\ray.obj
c:\users\hinen\desktop\cours\rt\rt\x64\debug\hittable_list.obj
c:\users\hinen\desktop\cours\rt\rt\x64\debug\hittable.obj
c:\users\hinen\desktop\cours\rt\rt\x64\debug\color.obj
c:\users\hinen\desktop\cours\rt\rt\x64\debug\camera.obj
c:\users\hinen\desktop\cours\rt\rt\x64\debug\main.obj
c:\users\hinen\desktop\cours\rt\x64\debug\rt.pdb
c:\users\hinen\desktop\cours\rt\rt\x64\debug\rt.tlog\cl.command.1.tlog
c:\users\hinen\desktop\cours\rt\rt\x64\debug\rt.tlog\cl.read.1.tlog
c:\users\hinen\desktop\cours\rt\rt\x64\debug\rt.tlog\cl.write.1.tlog
c:\users\hinen\desktop\cours\rt\rt\x64\debug\rt.tlog\link-cvtres.read.1.tlog
c:\users\hinen\desktop\cours\rt\rt\x64\debug\rt.tlog\link-cvtres.write.1.tlog
c:\users\hinen\desktop\cours\rt\rt\x64\debug\rt.tlog\link-rc.read.1.tlog
c:\users\hinen\desktop\cours\rt\rt\x64\debug\rt.tlog\link-rc.write.1.tlog
c:\users\hinen\desktop\cours\rt\rt\x64\debug\rt.tlog\link.command.1.tlog
c:\users\hinen\desktop\cours\rt\rt\x64\debug\rt.tlog\link.read.1.tlog
c:\users\hinen\desktop\cours\rt\rt\x64\debug\rt.tlog\link.read.2.tlog
c:\users\hinen\desktop\cours\rt\rt\x64\debug\rt.tlog\link.read.3.tlog
c:\users\hinen\desktop\cours\rt\rt\x64\debug\rt.tlog\link.read.4.tlog
c:\users\hinen\desktop\cours\rt\rt\x64\debug\rt.tlog\link.read.5.tlog
c:\users\hinen\desktop\cours\rt\rt\x64\debug\rt.tlog\link.write.1.tlog
